+-----------------------------------------------------------------------------------+
|                                                                                   |
|                                                                                   |
|      ---------  .    .   +-----         +--+        ^       .     .   +-----      |
|          |      |    |   |            /            / \      |\   /|   |           |
|          |      +----+   +-----      {   +--+     /   \     | \ / |   +-----      |
|          |      |    |   |            \     /    /-----\    |  *  |   |           |
|          |      |    |   +-----         +--+    /       \   |     |   +-----      |
|                                                                                   |
|                                                                                   |
|                           A Probabilistic Empirical Study                         |
|                      Visit github.com/MrWhiteRichard for more.                    |
|                                                                                   |
|                                                                                   |
+-----------------------------------------------------------------------------------+

# ---------------------------------------------------------------- #

Round: 1

Backup card stack:
[69, 67, 12, 49, 98, 33, 4, 52, 89, 74, 92, 15, 17, 6, 37, 11, 2, 47, 42, 76, 93, 26, 96, 5, 36, 43, 25, 21, 61, 19, 23, 80, 28, 44, 64, 30, 94, 57, 90, 54, 79, 99, 38, 56, 82, 66, 40, 68, 3, 34, 59, 88, 27, 75, 9, 60, 86, 84, 73, 31, 77, 50, 13, 14, 39, 58, 91, 95, 16, 7, 83, 55, 48, 32]

# -------------------------------- #

Player's turn: 0

Lists to lay down cards (before):
up: [1]
    [1]
down: [100]
      [100]

Player's lists on hand:
Player 0: [62, 24, 51, 97, 10, 87]
Player 1: [85, 35, 20, 8, 53, 18]
Player 2: [81, 63, 46, 45, 41, 70]
Player 3: [72, 29, 65, 78, 22, 71]

Playing cards 87 to ('down', 0) and 97 to ('down', 0) ...

Lists to lay down cards (after):
up: [1]
    [1]
down: [100, 87, 97]
      [100]

# -------------------------------- #

Player's turn: 1

Lists to lay down cards (before):
up: [1]
    [1]
down: [100, 87, 97]
      [100]

Player's lists on hand:
Player 0: [62, 24, 51, 10, 32, 48]
Player 1: [85, 35, 20, 8, 53, 18]
Player 2: [81, 63, 46, 45, 41, 70]
Player 3: [72, 29, 65, 78, 22, 71]

Playing cards 18 to ('up', 0) and 8 to ('up', 0) ...

Player 0 reserved ('up', 0) for 10

Lists to lay down cards (after):
up: [1, 18, 8]
    [1]
down: [100, 87, 97]
      [100]

# -------------------------------- #

Player's turn: 2

Lists to lay down cards (before):
up: [1, 18, 8]
    [1]
down: [100, 87, 97]
      [100]

Player's lists on hand:
Player 0: [62, 24, 51, 10, 32, 48]
Player 1: [85, 35, 20, 53, 55, 83]
Player 2: [81, 63, 46, 45, 41, 70]
Player 3: [72, 29, 65, 78, 22, 71]

Player 0 reserved ('up', 0) for 10

Playing cards 81 to ('down', 0) and 70 to ('down', 0) ...

Player 0 reserved ('up', 0) for 10

Lists to lay down cards (after):
up: [1, 18, 8]
    [1]
down: [100, 87, 97, 81, 70]
      [100]

# -------------------------------- #

Player's turn: 3

Lists to lay down cards (before):
up: [1, 18, 8]
    [1]
down: [100, 87, 97, 81, 70]
      [100]

Player's lists on hand:
Player 0: [62, 24, 51, 10, 32, 48]
Player 1: [85, 35, 20, 53, 55, 83]
Player 2: [63, 46, 45, 41, 7, 16]
Player 3: [72, 29, 65, 78, 22, 71]

Player 0 reserved ('up', 0) for 10

Playing cards 65 to ('down', 0) and 22 to ('up', 1) ...

Player 0 reserved ('up', 1) for 24
Player 0 reserved ('up', 0) for 10

Lists to lay down cards (after):
up: [1, 18, 8]
    [1, 22]
down: [100, 87, 97, 81, 70, 65]
      [100]

# ---------------------------------------------------------------- #

Round: 2

Backup card stack:
[69, 67, 12, 49, 98, 33, 4, 52, 89, 74, 92, 15, 17, 6, 37, 11, 2, 47, 42, 76, 93, 26, 96, 5, 36, 43, 25, 21, 61, 19, 23, 80, 28, 44, 64, 30, 94, 57, 90, 54, 79, 99, 38, 56, 82, 66, 40, 68, 3, 34, 59, 88, 27, 75, 9, 60, 86, 84, 73, 31, 77, 50, 13, 14, 39, 58]

# -------------------------------- #

Player's turn: 0

Lists to lay down cards (before):
up: [1, 18, 8]
    [1, 22]
down: [100, 87, 97, 81, 70, 65]
      [100]

Player's lists on hand:
Player 0: [62, 24, 51, 10, 32, 48]
Player 1: [85, 35, 20, 53, 55, 83]
Player 2: [63, 46, 45, 41, 7, 16]
Player 3: [72, 29, 78, 71, 95, 91]

Playing cards 24 to ('up', 1) and 10 to ('up', 0) ...

Lists to lay down cards (after):
up: [1, 18, 8, 10]
    [1, 22, 24]
down: [100, 87, 97, 81, 70, 65]
      [100]

# -------------------------------- #

Player's turn: 1

Lists to lay down cards (before):
up: [1, 18, 8, 10]
    [1, 22, 24]
down: [100, 87, 97, 81, 70, 65]
      [100]

Player's lists on hand:
Player 0: [62, 51, 32, 48, 58, 39]
Player 1: [85, 35, 20, 53, 55, 83]
Player 2: [63, 46, 45, 41, 7, 16]
Player 3: [72, 29, 78, 71, 95, 91]

Playing cards 55 to ('down', 0) and 53 to ('down', 0) ...

Player 2 reserved ('down', 0) for 63

Lists to lay down cards (after):
up: [1, 18, 8, 10]
    [1, 22, 24]
down: [100, 87, 97, 81, 70, 65, 55, 53]
      [100]

# -------------------------------- #

Player's turn: 2

Lists to lay down cards (before):
up: [1, 18, 8, 10]
    [1, 22, 24]
down: [100, 87, 97, 81, 70, 65, 55, 53]
      [100]

Player's lists on hand:
Player 0: [62, 51, 32, 48, 58, 39]
Player 1: [85, 35, 20, 83, 14, 13]
Player 2: [63, 46, 45, 41, 7, 16]
Player 3: [72, 29, 78, 71, 95, 91]

Player 1 reserved ('up', 1) for 14

Playing cards 63 to ('down', 0) and 16 to ('up', 0) ...

Player 0 reserved ('down', 0) for 62
Player 1 reserved ('up', 1) for 14

Lists to lay down cards (after):
up: [1, 18, 8, 10, 16]
    [1, 22, 24]
down: [100, 87, 97, 81, 70, 65, 55, 53, 63]
      [100]

# -------------------------------- #

Player's turn: 3

Lists to lay down cards (before):
up: [1, 18, 8, 10, 16]
    [1, 22, 24]
down: [100, 87, 97, 81, 70, 65, 55, 53, 63]
      [100]

Player's lists on hand:
Player 0: [62, 51, 32, 48, 58, 39]
Player 1: [85, 35, 20, 83, 14, 13]
Player 2: [46, 45, 41, 7, 50, 77]
Player 3: [72, 29, 78, 71, 95, 91]

Player 0 reserved ('down', 0) for 62
Player 1 reserved ('up', 1) for 14

Playing cards 95 to ('down', 1) and 91 to ('down', 1) ...

Player 0 reserved ('down', 0) for 62
Player 1 reserved ('up', 1) for 14

Lists to lay down cards (after):
up: [1, 18, 8, 10, 16]
    [1, 22, 24]
down: [100, 87, 97, 81, 70, 65, 55, 53, 63]
      [100, 95, 91]

# ---------------------------------------------------------------- #

Round: 3

Backup card stack:
[69, 67, 12, 49, 98, 33, 4, 52, 89, 74, 92, 15, 17, 6, 37, 11, 2, 47, 42, 76, 93, 26, 96, 5, 36, 43, 25, 21, 61, 19, 23, 80, 28, 44, 64, 30, 94, 57, 90, 54, 79, 99, 38, 56, 82, 66, 40, 68, 3, 34, 59, 88, 27, 75, 9, 60, 86, 84]

# -------------------------------- #

Player's turn: 0

Lists to lay down cards (before):
up: [1, 18, 8, 10, 16]
    [1, 22, 24]
down: [100, 87, 97, 81, 70, 65, 55, 53, 63]
      [100, 95, 91]

Player's lists on hand:
Player 0: [62, 51, 32, 48, 58, 39]
Player 1: [85, 35, 20, 83, 14, 13]
Player 2: [46, 45, 41, 7, 50, 77]
Player 3: [72, 29, 78, 71, 31, 73]

Player 1 reserved ('up', 1) for 14
Player 3 reserved ('down', 0) for 73

Ignoring reservations (probably for the best) ...

Playing cards 62 to ('down', 0) and 58 to ('down', 0) ...

Player 1 reserved ('up', 1) for 14

Lists to lay down cards (after):
up: [1, 18, 8, 10, 16]
    [1, 22, 24]
down: [100, 87, 97, 81, 70, 65, 55, 53, 63, 62, 58]
      [100, 95, 91]

# -------------------------------- #

Player's turn: 1

Lists to lay down cards (before):
up: [1, 18, 8, 10, 16]
    [1, 22, 24]
down: [100, 87, 97, 81, 70, 65, 55, 53, 63, 62, 58]
      [100, 95, 91]

Player's lists on hand:
Player 0: [51, 32, 48, 39, 84, 86]
Player 1: [85, 35, 20, 83, 14, 13]
Player 2: [46, 45, 41, 7, 50, 77]
Player 3: [72, 29, 78, 71, 31, 73]

Playing cards 20 to ('up', 0) and 14 to ('up', 1) ...

Lists to lay down cards (after):
up: [1, 18, 8, 10, 16, 20]
    [1, 22, 24, 14]
down: [100, 87, 97, 81, 70, 65, 55, 53, 63, 62, 58]
      [100, 95, 91]

# -------------------------------- #

Player's turn: 2

Lists to lay down cards (before):
up: [1, 18, 8, 10, 16, 20]
    [1, 22, 24, 14]
down: [100, 87, 97, 81, 70, 65, 55, 53, 63, 62, 58]
      [100, 95, 91]

Player's lists on hand:
Player 0: [51, 32, 48, 39, 84, 86]
Player 1: [85, 35, 83, 13, 60, 9]
Player 2: [46, 45, 41, 7, 50, 77]
Player 3: [72, 29, 78, 71, 31, 73]

Playing cards 50 to ('down', 0) and 46 to ('down', 0) ...

Playing card 45 to ('down', 0) ...

Lists to lay down cards (after):
up: [1, 18, 8, 10, 16, 20]
    [1, 22, 24, 14]
down: [100, 87, 97, 81, 70, 65, 55, 53, 63, 62, 58, 50, 46, 45]
      [100, 95, 91]

# -------------------------------- #

Player's turn: 3

Lists to lay down cards (before):
up: [1, 18, 8, 10, 16, 20]
    [1, 22, 24, 14]
down: [100, 87, 97, 81, 70, 65, 55, 53, 63, 62, 58, 50, 46, 45]
      [100, 95, 91]

Player's lists on hand:
Player 0: [51, 32, 48, 39, 84, 86]
Player 1: [85, 35, 83, 13, 60, 9]
Player 2: [41, 7, 77, 75, 27, 88]
Player 3: [72, 29, 78, 71, 31, 73]

Playing cards 29 to ('up', 0) and 31 to ('up', 0) ...

Player 0 reserved ('up', 0) for 32

Lists to lay down cards (after):
up: [1, 18, 8, 10, 16, 20, 29, 31]
    [1, 22, 24, 14]
down: [100, 87, 97, 81, 70, 65, 55, 53, 63, 62, 58, 50, 46, 45]
      [100, 95, 91]

# ---------------------------------------------------------------- #

Round: 4

Backup card stack:
[69, 67, 12, 49, 98, 33, 4, 52, 89, 74, 92, 15, 17, 6, 37, 11, 2, 47, 42, 76, 93, 26, 96, 5, 36, 43, 25, 21, 61, 19, 23, 80, 28, 44, 64, 30, 94, 57, 90, 54, 79, 99, 38, 56, 82, 66, 40, 68, 3]

# -------------------------------- #

Player's turn: 0

Lists to lay down cards (before):
up: [1, 18, 8, 10, 16, 20, 29, 31]
    [1, 22, 24, 14]
down: [100, 87, 97, 81, 70, 65, 55, 53, 63, 62, 58, 50, 46, 45]
      [100, 95, 91]

Player's lists on hand:
Player 0: [51, 32, 48, 39, 84, 86]
Player 1: [85, 35, 83, 13, 60, 9]
Player 2: [41, 7, 77, 75, 27, 88]
Player 3: [72, 78, 71, 73, 59, 34]

Playing cards 32 to ('up', 0) and 86 to ('down', 1) ...

Player 1 reserved ('down', 1) for 85
Player 3 reserved ('up', 0) for 34

Lists to lay down cards (after):
up: [1, 18, 8, 10, 16, 20, 29, 31, 32]
    [1, 22, 24, 14]
down: [100, 87, 97, 81, 70, 65, 55, 53, 63, 62, 58, 50, 46, 45]
      [100, 95, 91, 86]

# -------------------------------- #

Player's turn: 1

Lists to lay down cards (before):
up: [1, 18, 8, 10, 16, 20, 29, 31, 32]
    [1, 22, 24, 14]
down: [100, 87, 97, 81, 70, 65, 55, 53, 63, 62, 58, 50, 46, 45]
      [100, 95, 91, 86]

Player's lists on hand:
Player 0: [51, 48, 39, 84, 3, 68]
Player 1: [85, 35, 83, 13, 60, 9]
Player 2: [41, 7, 77, 75, 27, 88]
Player 3: [72, 78, 71, 73, 59, 34]

Player 3 reserved ('up', 0) for 34

Playing cards 85 to ('down', 1) and 83 to ('down', 1) ...

Player 3 reserved ('up', 0) for 34

Lists to lay down cards (after):
up: [1, 18, 8, 10, 16, 20, 29, 31, 32]
    [1, 22, 24, 14]
down: [100, 87, 97, 81, 70, 65, 55, 53, 63, 62, 58, 50, 46, 45]
      [100, 95, 91, 86, 85, 83]

# -------------------------------- #

Player's turn: 2

Lists to lay down cards (before):
up: [1, 18, 8, 10, 16, 20, 29, 31, 32]
    [1, 22, 24, 14]
down: [100, 87, 97, 81, 70, 65, 55, 53, 63, 62, 58, 50, 46, 45]
      [100, 95, 91, 86, 85, 83]

Player's lists on hand:
Player 0: [51, 48, 39, 84, 3, 68]
Player 1: [35, 13, 60, 9, 40, 66]
Player 2: [41, 7, 77, 75, 27, 88]
Player 3: [72, 78, 71, 73, 59, 34]

Player 3 reserved ('up', 0) for 34

Playing cards 77 to ('down', 1) and 75 to ('down', 1) ...

Player 3 reserved ('up', 0) for 34

Lists to lay down cards (after):
up: [1, 18, 8, 10, 16, 20, 29, 31, 32]
    [1, 22, 24, 14]
down: [100, 87, 97, 81, 70, 65, 55, 53, 63, 62, 58, 50, 46, 45]
      [100, 95, 91, 86, 85, 83, 77, 75]

# -------------------------------- #

Player's turn: 3

Lists to lay down cards (before):
up: [1, 18, 8, 10, 16, 20, 29, 31, 32]
    [1, 22, 24, 14]
down: [100, 87, 97, 81, 70, 65, 55, 53, 63, 62, 58, 50, 46, 45]
      [100, 95, 91, 86, 85, 83, 77, 75]

Player's lists on hand:
Player 0: [51, 48, 39, 84, 3, 68]
Player 1: [35, 13, 60, 9, 40, 66]
Player 2: [41, 7, 27, 88, 82, 56]
Player 3: [72, 78, 71, 73, 59, 34]

Playing cards 73 to ('down', 1) and 72 to ('down', 1) ...

Player 2 reserved ('down', 1) for 82

Playing card 34 to ('up', 0) ...

Player 1 reserved ('up', 0) for 35
Player 2 reserved ('down', 1) for 82

Lists to lay down cards (after):
up: [1, 18, 8, 10, 16, 20, 29, 31, 32, 34]
    [1, 22, 24, 14]
down: [100, 87, 97, 81, 70, 65, 55, 53, 63, 62, 58, 50, 46, 45]
      [100, 95, 91, 86, 85, 83, 77, 75, 73, 72]

# ---------------------------------------------------------------- #

Round: 5

Backup card stack:
[69, 67, 12, 49, 98, 33, 4, 52, 89, 74, 92, 15, 17, 6, 37, 11, 2, 47, 42, 76, 93, 26, 96, 5, 36, 43, 25, 21, 61, 19, 23, 80, 28, 44, 64, 30, 94, 57, 90, 54]

# -------------------------------- #

Player's turn: 0

Lists to lay down cards (before):
up: [1, 18, 8, 10, 16, 20, 29, 31, 32, 34]
    [1, 22, 24, 14]
down: [100, 87, 97, 81, 70, 65, 55, 53, 63, 62, 58, 50, 46, 45]
      [100, 95, 91, 86, 85, 83, 77, 75, 73, 72]

Player's lists on hand:
Player 0: [51, 48, 39, 84, 3, 68]
Player 1: [35, 13, 60, 9, 40, 66]
Player 2: [41, 7, 27, 88, 82, 56]
Player 3: [78, 71, 59, 38, 99, 79]

Player 1 reserved ('up', 0) for 35
Player 2 reserved ('down', 1) for 82
Player 3 reserved ('down', 1) for 71

Ignoring reservations (probably for the best) ...

Playing cards 39 to ('up', 0) and 68 to ('down', 1) ...

Player 1 reserved ('up', 0) for 40
Player 2 reserved ('up', 0) for 41
Player 3 reserved ('down', 1) for 78

Lists to lay down cards (after):
up: [1, 18, 8, 10, 16, 20, 29, 31, 32, 34, 39]
    [1, 22, 24, 14]
down: [100, 87, 97, 81, 70, 65, 55, 53, 63, 62, 58, 50, 46, 45]
      [100, 95, 91, 86, 85, 83, 77, 75, 73, 72, 68]

# -------------------------------- #

Player's turn: 1

Lists to lay down cards (before):
up: [1, 18, 8, 10, 16, 20, 29, 31, 32, 34, 39]
    [1, 22, 24, 14]
down: [100, 87, 97, 81, 70, 65, 55, 53, 63, 62, 58, 50, 46, 45]
      [100, 95, 91, 86, 85, 83, 77, 75, 73, 72, 68]

Player's lists on hand:
Player 0: [51, 48, 84, 3, 54, 90]
Player 1: [35, 13, 60, 9, 40, 66]
Player 2: [41, 7, 27, 88, 82, 56]
Player 3: [78, 71, 59, 38, 99, 79]

Player 2 reserved ('up', 0) for 41
Player 3 reserved ('down', 1) for 78

Playing cards 40 to ('down', 0) and 35 to ('down', 0) ...

Player 2 reserved ('up', 0) for 41
Player 3 reserved ('down', 1) for 78

Lists to lay down cards (after):
up: [1, 18, 8, 10, 16, 20, 29, 31, 32, 34, 39]
    [1, 22, 24, 14]
down: [100, 87, 97, 81, 70, 65, 55, 53, 63, 62, 58, 50, 46, 45, 40, 35]
      [100, 95, 91, 86, 85, 83, 77, 75, 73, 72, 68]

# -------------------------------- #

Player's turn: 2

Lists to lay down cards (before):
up: [1, 18, 8, 10, 16, 20, 29, 31, 32, 34, 39]
    [1, 22, 24, 14]
down: [100, 87, 97, 81, 70, 65, 55, 53, 63, 62, 58, 50, 46, 45, 40, 35]
      [100, 95, 91, 86, 85, 83, 77, 75, 73, 72, 68]

Player's lists on hand:
Player 0: [51, 48, 84, 3, 54, 90]
Player 1: [13, 60, 9, 66, 57, 94]
Player 2: [41, 7, 27, 88, 82, 56]
Player 3: [78, 71, 59, 38, 99, 79]

Player 3 reserved ('down', 1) for 78

Playing cards 41 to ('up', 0) and 27 to ('down', 0) ...

Player 3 reserved ('down', 1) for 78

Lists to lay down cards (after):
up: [1, 18, 8, 10, 16, 20, 29, 31, 32, 34, 39, 41]
    [1, 22, 24, 14]
down: [100, 87, 97, 81, 70, 65, 55, 53, 63, 62, 58, 50, 46, 45, 40, 35, 27]
      [100, 95, 91, 86, 85, 83, 77, 75, 73, 72, 68]

# -------------------------------- #

Player's turn: 3

Lists to lay down cards (before):
up: [1, 18, 8, 10, 16, 20, 29, 31, 32, 34, 39, 41]
    [1, 22, 24, 14]
down: [100, 87, 97, 81, 70, 65, 55, 53, 63, 62, 58, 50, 46, 45, 40, 35, 27]
      [100, 95, 91, 86, 85, 83, 77, 75, 73, 72, 68]

Player's lists on hand:
Player 0: [51, 48, 84, 3, 54, 90]
Player 1: [13, 60, 9, 66, 57, 94]
Player 2: [7, 88, 82, 56, 30, 64]
Player 3: [78, 71, 59, 38, 99, 79]

Playing cards 78 to ('down', 1) and 71 to ('down', 1) ...

Lists to lay down cards (after):
up: [1, 18, 8, 10, 16, 20, 29, 31, 32, 34, 39, 41]
    [1, 22, 24, 14]
down: [100, 87, 97, 81, 70, 65, 55, 53, 63, 62, 58, 50, 46, 45, 40, 35, 27]
      [100, 95, 91, 86, 85, 83, 77, 75, 73, 72, 68, 78, 71]

# ---------------------------------------------------------------- #

Round: 6

Backup card stack:
[69, 67, 12, 49, 98, 33, 4, 52, 89, 74, 92, 15, 17, 6, 37, 11, 2, 47, 42, 76, 93, 26, 96, 5, 36, 43, 25, 21, 61, 19, 23, 80]

# -------------------------------- #

Player's turn: 0

Lists to lay down cards (before):
up: [1, 18, 8, 10, 16, 20, 29, 31, 32, 34, 39, 41]
    [1, 22, 24, 14]
down: [100, 87, 97, 81, 70, 65, 55, 53, 63, 62, 58, 50, 46, 45, 40, 35, 27]
      [100, 95, 91, 86, 85, 83, 77, 75, 73, 72, 68, 78, 71]

Player's lists on hand:
Player 0: [51, 48, 84, 3, 54, 90]
Player 1: [13, 60, 9, 66, 57, 94]
Player 2: [7, 88, 82, 56, 30, 64]
Player 3: [59, 38, 99, 79, 44, 28]

Playing cards 48 to ('up', 0) and 51 to ('up', 0) ...

Lists to lay down cards (after):
up: [1, 18, 8, 10, 16, 20, 29, 31, 32, 34, 39, 41, 48, 51]
    [1, 22, 24, 14]
down: [100, 87, 97, 81, 70, 65, 55, 53, 63, 62, 58, 50, 46, 45, 40, 35, 27]
      [100, 95, 91, 86, 85, 83, 77, 75, 73, 72, 68, 78, 71]

# -------------------------------- #

Player's turn: 1

Lists to lay down cards (before):
up: [1, 18, 8, 10, 16, 20, 29, 31, 32, 34, 39, 41, 48, 51]
    [1, 22, 24, 14]
down: [100, 87, 97, 81, 70, 65, 55, 53, 63, 62, 58, 50, 46, 45, 40, 35, 27]
      [100, 95, 91, 86, 85, 83, 77, 75, 73, 72, 68, 78, 71]

Player's lists on hand:
Player 0: [84, 3, 54, 90, 80, 23]
Player 1: [13, 60, 9, 66, 57, 94]
Player 2: [7, 88, 82, 56, 30, 64]
Player 3: [59, 38, 99, 79, 44, 28]

Playing cards 57 to ('up', 0) and 60 to ('up', 0) ...

Lists to lay down cards (after):
up: [1, 18, 8, 10, 16, 20, 29, 31, 32, 34, 39, 41, 48, 51, 57, 60]
    [1, 22, 24, 14]
down: [100, 87, 97, 81, 70, 65, 55, 53, 63, 62, 58, 50, 46, 45, 40, 35, 27]
      [100, 95, 91, 86, 85, 83, 77, 75, 73, 72, 68, 78, 71]

# -------------------------------- #

Player's turn: 2

Lists to lay down cards (before):
up: [1, 18, 8, 10, 16, 20, 29, 31, 32, 34, 39, 41, 48, 51, 57, 60]
    [1, 22, 24, 14]
down: [100, 87, 97, 81, 70, 65, 55, 53, 63, 62, 58, 50, 46, 45, 40, 35, 27]
      [100, 95, 91, 86, 85, 83, 77, 75, 73, 72, 68, 78, 71]

Player's lists on hand:
Player 0: [84, 3, 54, 90, 80, 23]
Player 1: [13, 9, 66, 94, 19, 61]
Player 2: [7, 88, 82, 56, 30, 64]
Player 3: [59, 38, 99, 79, 44, 28]

Player 1 reserved ('up', 0) for 61

Playing cards 64 to ('down', 1) and 56 to ('down', 1) ...

Player 1 reserved ('down', 1) for 66
Player 1 reserved ('up', 0) for 61

Lists to lay down cards (after):
up: [1, 18, 8, 10, 16, 20, 29, 31, 32, 34, 39, 41, 48, 51, 57, 60]
    [1, 22, 24, 14]
down: [100, 87, 97, 81, 70, 65, 55, 53, 63, 62, 58, 50, 46, 45, 40, 35, 27]
      [100, 95, 91, 86, 85, 83, 77, 75, 73, 72, 68, 78, 71, 64, 56]

# -------------------------------- #

Player's turn: 3

Lists to lay down cards (before):
up: [1, 18, 8, 10, 16, 20, 29, 31, 32, 34, 39, 41, 48, 51, 57, 60]
    [1, 22, 24, 14]
down: [100, 87, 97, 81, 70, 65, 55, 53, 63, 62, 58, 50, 46, 45, 40, 35, 27]
      [100, 95, 91, 86, 85, 83, 77, 75, 73, 72, 68, 78, 71, 64, 56]

Player's lists on hand:
Player 0: [84, 3, 54, 90, 80, 23]
Player 1: [13, 9, 66, 94, 19, 61]
Player 2: [7, 88, 82, 30, 21, 25]
Player 3: [59, 38, 99, 79, 44, 28]

Player 1 reserved ('down', 1) for 66
Player 1 reserved ('up', 0) for 61

Playing cards 38 to ('up', 1) and 28 to ('up', 1) ...

Player 1 reserved ('down', 1) for 66
Player 1 reserved ('up', 0) for 61
Player 2 reserved ('up', 1) for 30

Lists to lay down cards (after):
up: [1, 18, 8, 10, 16, 20, 29, 31, 32, 34, 39, 41, 48, 51, 57, 60]
    [1, 22, 24, 14, 38, 28]
down: [100, 87, 97, 81, 70, 65, 55, 53, 63, 62, 58, 50, 46, 45, 40, 35, 27]
      [100, 95, 91, 86, 85, 83, 77, 75, 73, 72, 68, 78, 71, 64, 56]

# ---------------------------------------------------------------- #

Round: 7

Backup card stack:
[69, 67, 12, 49, 98, 33, 4, 52, 89, 74, 92, 15, 17, 6, 37, 11, 2, 47, 42, 76, 93, 26, 96, 5]

# -------------------------------- #

Player's turn: 0

Lists to lay down cards (before):
up: [1, 18, 8, 10, 16, 20, 29, 31, 32, 34, 39, 41, 48, 51, 57, 60]
    [1, 22, 24, 14, 38, 28]
down: [100, 87, 97, 81, 70, 65, 55, 53, 63, 62, 58, 50, 46, 45, 40, 35, 27]
      [100, 95, 91, 86, 85, 83, 77, 75, 73, 72, 68, 78, 71, 64, 56]

Player's lists on hand:
Player 0: [84, 3, 54, 90, 80, 23]
Player 1: [13, 9, 66, 94, 19, 61]
Player 2: [7, 88, 82, 30, 21, 25]
Player 3: [59, 99, 79, 44, 43, 36]

Player 1 reserved ('down', 1) for 66
Player 1 reserved ('up', 0) for 61
Player 2 reserved ('up', 1) for 30

Ignoring reservations (probably for the best) ...

Playing cards 54 to ('down', 1) and 23 to ('down', 0) ...

Player 1 reserved ('up', 0) for 61
Player 2 reserved ('up', 1) for 30

Lists to lay down cards (after):
up: [1, 18, 8, 10, 16, 20, 29, 31, 32, 34, 39, 41, 48, 51, 57, 60]
    [1, 22, 24, 14, 38, 28]
down: [100, 87, 97, 81, 70, 65, 55, 53, 63, 62, 58, 50, 46, 45, 40, 35, 27, 23]
      [100, 95, 91, 86, 85, 83, 77, 75, 73, 72, 68, 78, 71, 64, 56, 54]

# -------------------------------- #

Player's turn: 1

Lists to lay down cards (before):
up: [1, 18, 8, 10, 16, 20, 29, 31, 32, 34, 39, 41, 48, 51, 57, 60]
    [1, 22, 24, 14, 38, 28]
down: [100, 87, 97, 81, 70, 65, 55, 53, 63, 62, 58, 50, 46, 45, 40, 35, 27, 23]
      [100, 95, 91, 86, 85, 83, 77, 75, 73, 72, 68, 78, 71, 64, 56, 54]

Player's lists on hand:
Player 0: [84, 3, 90, 80, 5, 96]
Player 1: [13, 9, 66, 94, 19, 61]
Player 2: [7, 88, 82, 30, 21, 25]
Player 3: [59, 99, 79, 44, 43, 36]

Player 2 reserved ('up', 1) for 30

Playing cards 9 to ('down', 0) and 19 to ('down', 0) ...

Player 2 reserved ('up', 1) for 30

Playing card 61 to ('up', 0) ...

Player 2 reserved ('up', 1) for 30

Lists to lay down cards (after):
up: [1, 18, 8, 10, 16, 20, 29, 31, 32, 34, 39, 41, 48, 51, 57, 60, 61]
    [1, 22, 24, 14, 38, 28]
down: [100, 87, 97, 81, 70, 65, 55, 53, 63, 62, 58, 50, 46, 45, 40, 35, 27, 23, 9, 19]
      [100, 95, 91, 86, 85, 83, 77, 75, 73, 72, 68, 78, 71, 64, 56, 54]

# -------------------------------- #

Player's turn: 2

Lists to lay down cards (before):
up: [1, 18, 8, 10, 16, 20, 29, 31, 32, 34, 39, 41, 48, 51, 57, 60, 61]
    [1, 22, 24, 14, 38, 28]
down: [100, 87, 97, 81, 70, 65, 55, 53, 63, 62, 58, 50, 46, 45, 40, 35, 27, 23, 9, 19]
      [100, 95, 91, 86, 85, 83, 77, 75, 73, 72, 68, 78, 71, 64, 56, 54]

Player's lists on hand:
Player 0: [84, 3, 90, 80, 5, 96]
Player 1: [13, 66, 94, 26, 93, 76]
Player 2: [7, 88, 82, 30, 21, 25]
Player 3: [59, 99, 79, 44, 43, 36]

Playing cards 7 to ('down', 0) and 30 to ('up', 1) ...

Lists to lay down cards (after):
up: [1, 18, 8, 10, 16, 20, 29, 31, 32, 34, 39, 41, 48, 51, 57, 60, 61]
    [1, 22, 24, 14, 38, 28, 30]
down: [100, 87, 97, 81, 70, 65, 55, 53, 63, 62, 58, 50, 46, 45, 40, 35, 27, 23, 9, 19, 7]
      [100, 95, 91, 86, 85, 83, 77, 75, 73, 72, 68, 78, 71, 64, 56, 54]

# -------------------------------- #

Player's turn: 3

Lists to lay down cards (before):
up: [1, 18, 8, 10, 16, 20, 29, 31, 32, 34, 39, 41, 48, 51, 57, 60, 61]
    [1, 22, 24, 14, 38, 28, 30]
down: [100, 87, 97, 81, 70, 65, 55, 53, 63, 62, 58, 50, 46, 45, 40, 35, 27, 23, 9, 19, 7]
      [100, 95, 91, 86, 85, 83, 77, 75, 73, 72, 68, 78, 71, 64, 56, 54]

Player's lists on hand:
Player 0: [84, 3, 90, 80, 5, 96]
Player 1: [13, 66, 94, 26, 93, 76]
Player 2: [88, 82, 21, 25, 42, 47]
Player 3: [59, 99, 79, 44, 43, 36]

Playing cards 44 to ('down', 1) and 43 to ('down', 1) ...

Player 2 reserved ('down', 1) for 42

Lists to lay down cards (after):
up: [1, 18, 8, 10, 16, 20, 29, 31, 32, 34, 39, 41, 48, 51, 57, 60, 61]
    [1, 22, 24, 14, 38, 28, 30]
down: [100, 87, 97, 81, 70, 65, 55, 53, 63, 62, 58, 50, 46, 45, 40, 35, 27, 23, 9, 19, 7]
      [100, 95, 91, 86, 85, 83, 77, 75, 73, 72, 68, 78, 71, 64, 56, 54, 44, 43]

# ---------------------------------------------------------------- #

Round: 8

Backup card stack:
[69, 67, 12, 49, 98, 33, 4, 52, 89, 74, 92, 15, 17, 6, 37]

# -------------------------------- #

Player's turn: 0

Lists to lay down cards (before):
up: [1, 18, 8, 10, 16, 20, 29, 31, 32, 34, 39, 41, 48, 51, 57, 60, 61]
    [1, 22, 24, 14, 38, 28, 30]
down: [100, 87, 97, 81, 70, 65, 55, 53, 63, 62, 58, 50, 46, 45, 40, 35, 27, 23, 9, 19, 7]
      [100, 95, 91, 86, 85, 83, 77, 75, 73, 72, 68, 78, 71, 64, 56, 54, 44, 43]

Player's lists on hand:
Player 0: [84, 3, 90, 80, 5, 96]
Player 1: [13, 66, 94, 26, 93, 76]
Player 2: [88, 82, 21, 25, 42, 47]
Player 3: [59, 99, 79, 36, 2, 11]

Player 2 reserved ('down', 1) for 42

Playing cards 5 to ('down', 0) and 3 to ('down', 0) ...

Player 1 reserved ('down', 0) for 13
Player 2 reserved ('down', 1) for 42
Player 3 reserved ('down', 0) for 2

Lists to lay down cards (after):
up: [1, 18, 8, 10, 16, 20, 29, 31, 32, 34, 39, 41, 48, 51, 57, 60, 61]
    [1, 22, 24, 14, 38, 28, 30]
down: [100, 87, 97, 81, 70, 65, 55, 53, 63, 62, 58, 50, 46, 45, 40, 35, 27, 23, 9, 19, 7, 5, 3]
      [100, 95, 91, 86, 85, 83, 77, 75, 73, 72, 68, 78, 71, 64, 56, 54, 44, 43]

# -------------------------------- #

Player's turn: 1

Lists to lay down cards (before):
up: [1, 18, 8, 10, 16, 20, 29, 31, 32, 34, 39, 41, 48, 51, 57, 60, 61]
    [1, 22, 24, 14, 38, 28, 30]
down: [100, 87, 97, 81, 70, 65, 55, 53, 63, 62, 58, 50, 46, 45, 40, 35, 27, 23, 9, 19, 7, 5, 3]
      [100, 95, 91, 86, 85, 83, 77, 75, 73, 72, 68, 78, 71, 64, 56, 54, 44, 43]

Player's lists on hand:
Player 0: [84, 90, 80, 96, 37, 6]
Player 1: [13, 66, 94, 26, 93, 76]
Player 2: [88, 82, 21, 25, 42, 47]
Player 3: [59, 99, 79, 36, 2, 11]

Player 2 reserved ('down', 1) for 42
Player 3 reserved ('down', 0) for 2

Playing cards 13 to ('down', 0) and 66 to ('up', 0) ...

Player 2 reserved ('down', 1) for 42

Lists to lay down cards (after):
up: [1, 18, 8, 10, 16, 20, 29, 31, 32, 34, 39, 41, 48, 51, 57, 60, 61, 66]
    [1, 22, 24, 14, 38, 28, 30]
down: [100, 87, 97, 81, 70, 65, 55, 53, 63, 62, 58, 50, 46, 45, 40, 35, 27, 23, 9, 19, 7, 5, 3, 13]
      [100, 95, 91, 86, 85, 83, 77, 75, 73, 72, 68, 78, 71, 64, 56, 54, 44, 43]

# -------------------------------- #

Player's turn: 2

Lists to lay down cards (before):
up: [1, 18, 8, 10, 16, 20, 29, 31, 32, 34, 39, 41, 48, 51, 57, 60, 61, 66]
    [1, 22, 24, 14, 38, 28, 30]
down: [100, 87, 97, 81, 70, 65, 55, 53, 63, 62, 58, 50, 46, 45, 40, 35, 27, 23, 9, 19, 7, 5, 3, 13]
      [100, 95, 91, 86, 85, 83, 77, 75, 73, 72, 68, 78, 71, 64, 56, 54, 44, 43]

Player's lists on hand:
Player 0: [84, 90, 80, 96, 37, 6]
Player 1: [94, 26, 93, 76, 17, 15]
Player 2: [88, 82, 21, 25, 42, 47]
Player 3: [59, 99, 79, 36, 2, 11]

Playing cards 82 to ('up', 0) and 42 to ('down', 1) ...

Player 0 reserved ('up', 0) for 84

Lists to lay down cards (after):
up: [1, 18, 8, 10, 16, 20, 29, 31, 32, 34, 39, 41, 48, 51, 57, 60, 61, 66, 82]
    [1, 22, 24, 14, 38, 28, 30]
down: [100, 87, 97, 81, 70, 65, 55, 53, 63, 62, 58, 50, 46, 45, 40, 35, 27, 23, 9, 19, 7, 5, 3, 13]
      [100, 95, 91, 86, 85, 83, 77, 75, 73, 72, 68, 78, 71, 64, 56, 54, 44, 43, 42]

# -------------------------------- #

Player's turn: 3

Lists to lay down cards (before):
up: [1, 18, 8, 10, 16, 20, 29, 31, 32, 34, 39, 41, 48, 51, 57, 60, 61, 66, 82]
    [1, 22, 24, 14, 38, 28, 30]
down: [100, 87, 97, 81, 70, 65, 55, 53, 63, 62, 58, 50, 46, 45, 40, 35, 27, 23, 9, 19, 7, 5, 3, 13]
      [100, 95, 91, 86, 85, 83, 77, 75, 73, 72, 68, 78, 71, 64, 56, 54, 44, 43, 42]

Player's lists on hand:
Player 0: [84, 90, 80, 96, 37, 6]
Player 1: [94, 26, 93, 76, 17, 15]
Player 2: [88, 21, 25, 47, 92, 74]
Player 3: [59, 99, 79, 36, 2, 11]

Player 0 reserved ('up', 0) for 84

Playing cards 36 to ('up', 1) and 11 to ('down', 0) ...

Player 0 reserved ('up', 0) for 84
Player 0 reserved ('up', 1) for 37
Player 1 reserved ('up', 1) for 26
Player 2 reserved ('down', 0) for 21

Lists to lay down cards (after):
up: [1, 18, 8, 10, 16, 20, 29, 31, 32, 34, 39, 41, 48, 51, 57, 60, 61, 66, 82]
    [1, 22, 24, 14, 38, 28, 30, 36]
down: [100, 87, 97, 81, 70, 65, 55, 53, 63, 62, 58, 50, 46, 45, 40, 35, 27, 23, 9, 19, 7, 5, 3, 13, 11]
      [100, 95, 91, 86, 85, 83, 77, 75, 73, 72, 68, 78, 71, 64, 56, 54, 44, 43, 42]

# ---------------------------------------------------------------- #

Round: 9

Backup card stack:
[69, 67, 12, 49, 98, 33, 4]

# -------------------------------- #

Player's turn: 0

Lists to lay down cards (before):
up: [1, 18, 8, 10, 16, 20, 29, 31, 32, 34, 39, 41, 48, 51, 57, 60, 61, 66, 82]
    [1, 22, 24, 14, 38, 28, 30, 36]
down: [100, 87, 97, 81, 70, 65, 55, 53, 63, 62, 58, 50, 46, 45, 40, 35, 27, 23, 9, 19, 7, 5, 3, 13, 11]
      [100, 95, 91, 86, 85, 83, 77, 75, 73, 72, 68, 78, 71, 64, 56, 54, 44, 43, 42]

Player's lists on hand:
Player 0: [84, 90, 80, 96, 37, 6]
Player 1: [94, 26, 93, 76, 17, 15]
Player 2: [88, 21, 25, 47, 92, 74]
Player 3: [59, 99, 79, 2, 89, 52]

Player 1 reserved ('up', 1) for 26
Player 2 reserved ('down', 0) for 21
Player 3 reserved ('down', 1) for 52

Playing cards 90 to ('up', 0) and 80 to ('up', 0) ...

Player 1 reserved ('up', 1) for 26
Player 2 reserved ('down', 0) for 21
Player 3 reserved ('down', 1) for 52

Lists to lay down cards (after):
up: [1, 18, 8, 10, 16, 20, 29, 31, 32, 34, 39, 41, 48, 51, 57, 60, 61, 66, 82, 90, 80]
    [1, 22, 24, 14, 38, 28, 30, 36]
down: [100, 87, 97, 81, 70, 65, 55, 53, 63, 62, 58, 50, 46, 45, 40, 35, 27, 23, 9, 19, 7, 5, 3, 13, 11]
      [100, 95, 91, 86, 85, 83, 77, 75, 73, 72, 68, 78, 71, 64, 56, 54, 44, 43, 42]

# -------------------------------- #

Player's turn: 1

Lists to lay down cards (before):
up: [1, 18, 8, 10, 16, 20, 29, 31, 32, 34, 39, 41, 48, 51, 57, 60, 61, 66, 82, 90, 80]
    [1, 22, 24, 14, 38, 28, 30, 36]
down: [100, 87, 97, 81, 70, 65, 55, 53, 63, 62, 58, 50, 46, 45, 40, 35, 27, 23, 9, 19, 7, 5, 3, 13, 11]
      [100, 95, 91, 86, 85, 83, 77, 75, 73, 72, 68, 78, 71, 64, 56, 54, 44, 43, 42]

Player's lists on hand:
Player 0: [84, 96, 37, 6, 4, 33]
Player 1: [94, 26, 93, 76, 17, 15]
Player 2: [88, 21, 25, 47, 92, 74]
Player 3: [59, 99, 79, 2, 89, 52]

Player 0 reserved ('up', 1) for 37
Player 2 reserved ('down', 0) for 21
Player 3 reserved ('down', 1) for 52

Playing cards 26 to ('up', 1) and 93 to ('up', 0) ...

Player 2 reserved ('down', 0) for 21
Player 3 reserved ('down', 1) for 52

Playing card 94 to ('up', 0) ...

Player 0 reserved ('up', 0) for 84
Player 0 reserved ('up', 0) for 96
Player 2 reserved ('down', 0) for 21
Player 3 reserved ('down', 1) for 52

Lists to lay down cards (after):
up: [1, 18, 8, 10, 16, 20, 29, 31, 32, 34, 39, 41, 48, 51, 57, 60, 61, 66, 82, 90, 80, 93, 94]
    [1, 22, 24, 14, 38, 28, 30, 36, 26]
down: [100, 87, 97, 81, 70, 65, 55, 53, 63, 62, 58, 50, 46, 45, 40, 35, 27, 23, 9, 19, 7, 5, 3, 13, 11]
      [100, 95, 91, 86, 85, 83, 77, 75, 73, 72, 68, 78, 71, 64, 56, 54, 44, 43, 42]

# -------------------------------- #

Player's turn: 2

Lists to lay down cards (before):
up: [1, 18, 8, 10, 16, 20, 29, 31, 32, 34, 39, 41, 48, 51, 57, 60, 61, 66, 82, 90, 80, 93, 94]
    [1, 22, 24, 14, 38, 28, 30, 36, 26]
down: [100, 87, 97, 81, 70, 65, 55, 53, 63, 62, 58, 50, 46, 45, 40, 35, 27, 23, 9, 19, 7, 5, 3, 13, 11]
      [100, 95, 91, 86, 85, 83, 77, 75, 73, 72, 68, 78, 71, 64, 56, 54, 44, 43, 42]

Player's lists on hand:
Player 0: [84, 96, 37, 6, 4, 33]
Player 1: [76, 17, 15, 98, 49, 12]
Player 2: [88, 21, 25, 47, 92, 74]
Player 3: [59, 99, 79, 2, 89, 52]

Player 0 reserved ('up', 0) for 84
Player 0 reserved ('up', 0) for 96
Player 3 reserved ('down', 1) for 52

Playing cards 21 to ('down', 0) and 47 to ('up', 1) ...

Player 0 reserved ('up', 0) for 84
Player 0 reserved ('up', 0) for 96
Player 0 reserved ('up', 1) for 37
Player 1 reserved ('up', 1) for 49
Player 3 reserved ('down', 1) for 52

Lists to lay down cards (after):
up: [1, 18, 8, 10, 16, 20, 29, 31, 32, 34, 39, 41, 48, 51, 57, 60, 61, 66, 82, 90, 80, 93, 94]
    [1, 22, 24, 14, 38, 28, 30, 36, 26, 47]
down: [100, 87, 97, 81, 70, 65, 55, 53, 63, 62, 58, 50, 46, 45, 40, 35, 27, 23, 9, 19, 7, 5, 3, 13, 11, 21]
      [100, 95, 91, 86, 85, 83, 77, 75, 73, 72, 68, 78, 71, 64, 56, 54, 44, 43, 42]

# -------------------------------- #

Player's turn: 3

Lists to lay down cards (before):
up: [1, 18, 8, 10, 16, 20, 29, 31, 32, 34, 39, 41, 48, 51, 57, 60, 61, 66, 82, 90, 80, 93, 94]
    [1, 22, 24, 14, 38, 28, 30, 36, 26, 47]
down: [100, 87, 97, 81, 70, 65, 55, 53, 63, 62, 58, 50, 46, 45, 40, 35, 27, 23, 9, 19, 7, 5, 3, 13, 11, 21]
      [100, 95, 91, 86, 85, 83, 77, 75, 73, 72, 68, 78, 71, 64, 56, 54, 44, 43, 42]

Player's lists on hand:
Player 0: [84, 96, 37, 6, 4, 33]
Player 1: [76, 17, 15, 98, 49, 12]
Player 2: [88, 25, 92, 74, 67, 69]
Player 3: [59, 99, 79, 2, 89, 52]

Player 0 reserved ('up', 0) for 84
Player 0 reserved ('up', 0) for 96
Player 0 reserved ('up', 1) for 37
Player 1 reserved ('up', 1) for 49

Playing card 52 to ('down', 1) ...

Player 0 reserved ('up', 0) for 84
Player 0 reserved ('up', 0) for 96
Player 0 reserved ('up', 1) for 37
Player 1 reserved ('up', 1) for 49

Lists to lay down cards (after):
up: [1, 18, 8, 10, 16, 20, 29, 31, 32, 34, 39, 41, 48, 51, 57, 60, 61, 66, 82, 90, 80, 93, 94]
    [1, 22, 24, 14, 38, 28, 30, 36, 26, 47]
down: [100, 87, 97, 81, 70, 65, 55, 53, 63, 62, 58, 50, 46, 45, 40, 35, 27, 23, 9, 19, 7, 5, 3, 13, 11, 21]
      [100, 95, 91, 86, 85, 83, 77, 75, 73, 72, 68, 78, 71, 64, 56, 54, 44, 43, 42, 52]

# ---------------------------------------------------------------- #

Round: 10

Backup card stack:
[]

# -------------------------------- #

Player's turn: 0

Lists to lay down cards (before):
up: [1, 18, 8, 10, 16, 20, 29, 31, 32, 34, 39, 41, 48, 51, 57, 60, 61, 66, 82, 90, 80, 93, 94]
    [1, 22, 24, 14, 38, 28, 30, 36, 26, 47]
down: [100, 87, 97, 81, 70, 65, 55, 53, 63, 62, 58, 50, 46, 45, 40, 35, 27, 23, 9, 19, 7, 5, 3, 13, 11, 21]
      [100, 95, 91, 86, 85, 83, 77, 75, 73, 72, 68, 78, 71, 64, 56, 54, 44, 43, 42, 52]

Player's lists on hand:
Player 0: [84, 96, 37, 6, 4, 33]
Player 1: [76, 17, 15, 98, 49, 12]
Player 2: [88, 25, 92, 74, 67, 69]
Player 3: [59, 99, 79, 2, 89]

Player 1 reserved ('up', 1) for 49

Playing card 84 to ('up', 0) ...

Player 1 reserved ('up', 1) for 49
Player 2 reserved ('up', 0) for 74

Playing card 37 to ('up', 1) ...

Player 2 reserved ('up', 0) for 74

Lists to lay down cards (after):
up: [1, 18, 8, 10, 16, 20, 29, 31, 32, 34, 39, 41, 48, 51, 57, 60, 61, 66, 82, 90, 80, 93, 94, 84]
    [1, 22, 24, 14, 38, 28, 30, 36, 26, 47, 37]
down: [100, 87, 97, 81, 70, 65, 55, 53, 63, 62, 58, 50, 46, 45, 40, 35, 27, 23, 9, 19, 7, 5, 3, 13, 11, 21]
      [100, 95, 91, 86, 85, 83, 77, 75, 73, 72, 68, 78, 71, 64, 56, 54, 44, 43, 42, 52]

# -------------------------------- #

Player's turn: 1

Lists to lay down cards (before):
up: [1, 18, 8, 10, 16, 20, 29, 31, 32, 34, 39, 41, 48, 51, 57, 60, 61, 66, 82, 90, 80, 93, 94, 84]
    [1, 22, 24, 14, 38, 28, 30, 36, 26, 47, 37]
down: [100, 87, 97, 81, 70, 65, 55, 53, 63, 62, 58, 50, 46, 45, 40, 35, 27, 23, 9, 19, 7, 5, 3, 13, 11, 21]
      [100, 95, 91, 86, 85, 83, 77, 75, 73, 72, 68, 78, 71, 64, 56, 54, 44, 43, 42, 52]

Player's lists on hand:
Player 0: [96, 6, 4, 33]
Player 1: [76, 17, 15, 98, 49, 12]
Player 2: [88, 25, 92, 74, 67, 69]
Player 3: [59, 99, 79, 2, 89]

Player 2 reserved ('up', 0) for 74

Playing card 49 to ('down', 1) ...

Player 2 reserved ('up', 0) for 74
Player 3 reserved ('down', 1) for 59

Lists to lay down cards (after):
up: [1, 18, 8, 10, 16, 20, 29, 31, 32, 34, 39, 41, 48, 51, 57, 60, 61, 66, 82, 90, 80, 93, 94, 84]
    [1, 22, 24, 14, 38, 28, 30, 36, 26, 47, 37]
down: [100, 87, 97, 81, 70, 65, 55, 53, 63, 62, 58, 50, 46, 45, 40, 35, 27, 23, 9, 19, 7, 5, 3, 13, 11, 21]
      [100, 95, 91, 86, 85, 83, 77, 75, 73, 72, 68, 78, 71, 64, 56, 54, 44, 43, 42, 52, 49]

# -------------------------------- #

Player's turn: 2

Lists to lay down cards (before):
up: [1, 18, 8, 10, 16, 20, 29, 31, 32, 34, 39, 41, 48, 51, 57, 60, 61, 66, 82, 90, 80, 93, 94, 84]
    [1, 22, 24, 14, 38, 28, 30, 36, 26, 47, 37]
down: [100, 87, 97, 81, 70, 65, 55, 53, 63, 62, 58, 50, 46, 45, 40, 35, 27, 23, 9, 19, 7, 5, 3, 13, 11, 21]
      [100, 95, 91, 86, 85, 83, 77, 75, 73, 72, 68, 78, 71, 64, 56, 54, 44, 43, 42, 52, 49]

Player's lists on hand:
Player 0: [96, 6, 4, 33]
Player 1: [76, 17, 15, 98, 12]
Player 2: [88, 25, 92, 74, 67, 69]
Player 3: [59, 99, 79, 2, 89]

Player 3 reserved ('down', 1) for 59

Playing card 74 to ('up', 0) ...

Player 1 reserved ('up', 0) for 76
Player 3 reserved ('down', 1) for 59

Lists to lay down cards (after):
up: [1, 18, 8, 10, 16, 20, 29, 31, 32, 34, 39, 41, 48, 51, 57, 60, 61, 66, 82, 90, 80, 93, 94, 84, 74]
    [1, 22, 24, 14, 38, 28, 30, 36, 26, 47, 37]
down: [100, 87, 97, 81, 70, 65, 55, 53, 63, 62, 58, 50, 46, 45, 40, 35, 27, 23, 9, 19, 7, 5, 3, 13, 11, 21]
      [100, 95, 91, 86, 85, 83, 77, 75, 73, 72, 68, 78, 71, 64, 56, 54, 44, 43, 42, 52, 49]

# -------------------------------- #

Player's turn: 3

Lists to lay down cards (before):
up: [1, 18, 8, 10, 16, 20, 29, 31, 32, 34, 39, 41, 48, 51, 57, 60, 61, 66, 82, 90, 80, 93, 94, 84, 74]
    [1, 22, 24, 14, 38, 28, 30, 36, 26, 47, 37]
down: [100, 87, 97, 81, 70, 65, 55, 53, 63, 62, 58, 50, 46, 45, 40, 35, 27, 23, 9, 19, 7, 5, 3, 13, 11, 21]
      [100, 95, 91, 86, 85, 83, 77, 75, 73, 72, 68, 78, 71, 64, 56, 54, 44, 43, 42, 52, 49]

Player's lists on hand:
Player 0: [96, 6, 4, 33]
Player 1: [76, 17, 15, 98, 12]
Player 2: [88, 25, 92, 67, 69]
Player 3: [59, 99, 79, 2, 89]

Player 1 reserved ('up', 0) for 76

Playing card 59 to ('down', 1) ...

Player 1 reserved ('up', 0) for 76
Player 2 reserved ('down', 1) for 69

Lists to lay down cards (after):
up: [1, 18, 8, 10, 16, 20, 29, 31, 32, 34, 39, 41, 48, 51, 57, 60, 61, 66, 82, 90, 80, 93, 94, 84, 74]
    [1, 22, 24, 14, 38, 28, 30, 36, 26, 47, 37]
down: [100, 87, 97, 81, 70, 65, 55, 53, 63, 62, 58, 50, 46, 45, 40, 35, 27, 23, 9, 19, 7, 5, 3, 13, 11, 21]
      [100, 95, 91, 86, 85, 83, 77, 75, 73, 72, 68, 78, 71, 64, 56, 54, 44, 43, 42, 52, 49, 59]

# ---------------------------------------------------------------- #

Round: 11

Backup card stack:
[]

# -------------------------------- #

Player's turn: 0

Lists to lay down cards (before):
up: [1, 18, 8, 10, 16, 20, 29, 31, 32, 34, 39, 41, 48, 51, 57, 60, 61, 66, 82, 90, 80, 93, 94, 84, 74]
    [1, 22, 24, 14, 38, 28, 30, 36, 26, 47, 37]
down: [100, 87, 97, 81, 70, 65, 55, 53, 63, 62, 58, 50, 46, 45, 40, 35, 27, 23, 9, 19, 7, 5, 3, 13, 11, 21]
      [100, 95, 91, 86, 85, 83, 77, 75, 73, 72, 68, 78, 71, 64, 56, 54, 44, 43, 42, 52, 49, 59]

Player's lists on hand:
Player 0: [96, 6, 4, 33]
Player 1: [76, 17, 15, 98, 12]
Player 2: [88, 25, 92, 67, 69]
Player 3: [99, 79, 2, 89]

Player 1 reserved ('up', 0) for 76
Player 2 reserved ('down', 1) for 69

Playing card 6 to ('down', 0) ...

Player 1 reserved ('up', 0) for 76
Player 2 reserved ('down', 1) for 69

Playing card 4 to ('down', 0) ...

Player 1 reserved ('up', 0) for 76
Player 2 reserved ('down', 1) for 69

Lists to lay down cards (after):
up: [1, 18, 8, 10, 16, 20, 29, 31, 32, 34, 39, 41, 48, 51, 57, 60, 61, 66, 82, 90, 80, 93, 94, 84, 74]
    [1, 22, 24, 14, 38, 28, 30, 36, 26, 47, 37]
down: [100, 87, 97, 81, 70, 65, 55, 53, 63, 62, 58, 50, 46, 45, 40, 35, 27, 23, 9, 19, 7, 5, 3, 13, 11, 21, 6, 4]
      [100, 95, 91, 86, 85, 83, 77, 75, 73, 72, 68, 78, 71, 64, 56, 54, 44, 43, 42, 52, 49, 59]

# -------------------------------- #

Player's turn: 1

Lists to lay down cards (before):
up: [1, 18, 8, 10, 16, 20, 29, 31, 32, 34, 39, 41, 48, 51, 57, 60, 61, 66, 82, 90, 80, 93, 94, 84, 74]
    [1, 22, 24, 14, 38, 28, 30, 36, 26, 47, 37]
down: [100, 87, 97, 81, 70, 65, 55, 53, 63, 62, 58, 50, 46, 45, 40, 35, 27, 23, 9, 19, 7, 5, 3, 13, 11, 21, 6, 4]
      [100, 95, 91, 86, 85, 83, 77, 75, 73, 72, 68, 78, 71, 64, 56, 54, 44, 43, 42, 52, 49, 59]

Player's lists on hand:
Player 0: [96, 33]
Player 1: [76, 17, 15, 98, 12]
Player 2: [88, 25, 92, 67, 69]
Player 3: [99, 79, 2, 89]

Player 2 reserved ('down', 1) for 69

Playing card 76 to ('up', 0) ...

Player 2 reserved ('down', 1) for 69

Lists to lay down cards (after):
up: [1, 18, 8, 10, 16, 20, 29, 31, 32, 34, 39, 41, 48, 51, 57, 60, 61, 66, 82, 90, 80, 93, 94, 84, 74, 76]
    [1, 22, 24, 14, 38, 28, 30, 36, 26, 47, 37]
down: [100, 87, 97, 81, 70, 65, 55, 53, 63, 62, 58, 50, 46, 45, 40, 35, 27, 23, 9, 19, 7, 5, 3, 13, 11, 21, 6, 4]
      [100, 95, 91, 86, 85, 83, 77, 75, 73, 72, 68, 78, 71, 64, 56, 54, 44, 43, 42, 52, 49, 59]

# -------------------------------- #

Player's turn: 2

Lists to lay down cards (before):
up: [1, 18, 8, 10, 16, 20, 29, 31, 32, 34, 39, 41, 48, 51, 57, 60, 61, 66, 82, 90, 80, 93, 94, 84, 74, 76]
    [1, 22, 24, 14, 38, 28, 30, 36, 26, 47, 37]
down: [100, 87, 97, 81, 70, 65, 55, 53, 63, 62, 58, 50, 46, 45, 40, 35, 27, 23, 9, 19, 7, 5, 3, 13, 11, 21, 6, 4]
      [100, 95, 91, 86, 85, 83, 77, 75, 73, 72, 68, 78, 71, 64, 56, 54, 44, 43, 42, 52, 49, 59]

Player's lists on hand:
Player 0: [96, 33]
Player 1: [17, 15, 98, 12]
Player 2: [88, 25, 92, 67, 69]
Player 3: [99, 79, 2, 89]

Playing card 69 to ('down', 1) ...

Player 3 reserved ('down', 1) for 79

Lists to lay down cards (after):
up: [1, 18, 8, 10, 16, 20, 29, 31, 32, 34, 39, 41, 48, 51, 57, 60, 61, 66, 82, 90, 80, 93, 94, 84, 74, 76]
    [1, 22, 24, 14, 38, 28, 30, 36, 26, 47, 37]
down: [100, 87, 97, 81, 70, 65, 55, 53, 63, 62, 58, 50, 46, 45, 40, 35, 27, 23, 9, 19, 7, 5, 3, 13, 11, 21, 6, 4]
      [100, 95, 91, 86, 85, 83, 77, 75, 73, 72, 68, 78, 71, 64, 56, 54, 44, 43, 42, 52, 49, 59, 69]

# -------------------------------- #

Player's turn: 3

Lists to lay down cards (before):
up: [1, 18, 8, 10, 16, 20, 29, 31, 32, 34, 39, 41, 48, 51, 57, 60, 61, 66, 82, 90, 80, 93, 94, 84, 74, 76]
    [1, 22, 24, 14, 38, 28, 30, 36, 26, 47, 37]
down: [100, 87, 97, 81, 70, 65, 55, 53, 63, 62, 58, 50, 46, 45, 40, 35, 27, 23, 9, 19, 7, 5, 3, 13, 11, 21, 6, 4]
      [100, 95, 91, 86, 85, 83, 77, 75, 73, 72, 68, 78, 71, 64, 56, 54, 44, 43, 42, 52, 49, 59, 69]

Player's lists on hand:
Player 0: [96, 33]
Player 1: [17, 15, 98, 12]
Player 2: [88, 25, 92, 67]
Player 3: [99, 79, 2, 89]

Playing card 79 to ('down', 1) ...

Playing card 89 to ('down', 1) ...

Player 2 reserved ('down', 1) for 88

Playing card 99 to ('down', 1) ...

Player 1 reserved ('down', 1) for 98

Playing card 2 to ('down', 0) ...

Player 1 reserved ('down', 1) for 98
Player 1 reserved ('down', 0) for 12

Lists to lay down cards (after):
up: [1, 18, 8, 10, 16, 20, 29, 31, 32, 34, 39, 41, 48, 51, 57, 60, 61, 66, 82, 90, 80, 93, 94, 84, 74, 76]
    [1, 22, 24, 14, 38, 28, 30, 36, 26, 47, 37]
down: [100, 87, 97, 81, 70, 65, 55, 53, 63, 62, 58, 50, 46, 45, 40, 35, 27, 23, 9, 19, 7, 5, 3, 13, 11, 21, 6, 4, 2]
      [100, 95, 91, 86, 85, 83, 77, 75, 73, 72, 68, 78, 71, 64, 56, 54, 44, 43, 42, 52, 49, 59, 69, 79, 89, 99]

# ---------------------------------------------------------------- #

Round: 12

Backup card stack:
[]

# -------------------------------- #

Player's turn: 0

Lists to lay down cards (before):
up: [1, 18, 8, 10, 16, 20, 29, 31, 32, 34, 39, 41, 48, 51, 57, 60, 61, 66, 82, 90, 80, 93, 94, 84, 74, 76]
    [1, 22, 24, 14, 38, 28, 30, 36, 26, 47, 37]
down: [100, 87, 97, 81, 70, 65, 55, 53, 63, 62, 58, 50, 46, 45, 40, 35, 27, 23, 9, 19, 7, 5, 3, 13, 11, 21, 6, 4, 2]
      [100, 95, 91, 86, 85, 83, 77, 75, 73, 72, 68, 78, 71, 64, 56, 54, 44, 43, 42, 52, 49, 59, 69, 79, 89, 99]

Player's lists on hand:
Player 0: [96, 33]
Player 1: [17, 15, 98, 12]
Player 2: [88, 25, 92, 67]
Player 3: []

Player 1 reserved ('down', 1) for 98
Player 1 reserved ('down', 0) for 12

Ignoring reservations (probably for the best) ...

Playing card 96 to ('down', 1) ...

Player 1 reserved ('down', 0) for 12

Lists to lay down cards (after):
up: [1, 18, 8, 10, 16, 20, 29, 31, 32, 34, 39, 41, 48, 51, 57, 60, 61, 66, 82, 90, 80, 93, 94, 84, 74, 76]
    [1, 22, 24, 14, 38, 28, 30, 36, 26, 47, 37]
down: [100, 87, 97, 81, 70, 65, 55, 53, 63, 62, 58, 50, 46, 45, 40, 35, 27, 23, 9, 19, 7, 5, 3, 13, 11, 21, 6, 4, 2]
      [100, 95, 91, 86, 85, 83, 77, 75, 73, 72, 68, 78, 71, 64, 56, 54, 44, 43, 42, 52, 49, 59, 69, 79, 89, 99, 96]

# -------------------------------- #

Player's turn: 1

Lists to lay down cards (before):
up: [1, 18, 8, 10, 16, 20, 29, 31, 32, 34, 39, 41, 48, 51, 57, 60, 61, 66, 82, 90, 80, 93, 94, 84, 74, 76]
    [1, 22, 24, 14, 38, 28, 30, 36, 26, 47, 37]
down: [100, 87, 97, 81, 70, 65, 55, 53, 63, 62, 58, 50, 46, 45, 40, 35, 27, 23, 9, 19, 7, 5, 3, 13, 11, 21, 6, 4, 2]
      [100, 95, 91, 86, 85, 83, 77, 75, 73, 72, 68, 78, 71, 64, 56, 54, 44, 43, 42, 52, 49, 59, 69, 79, 89, 99, 96]

Player's lists on hand:
Player 0: [33]
Player 1: [17, 15, 98, 12]
Player 2: [88, 25, 92, 67]
Player 3: []

Playing card 12 to ('down', 0) ...

Lists to lay down cards (after):
up: [1, 18, 8, 10, 16, 20, 29, 31, 32, 34, 39, 41, 48, 51, 57, 60, 61, 66, 82, 90, 80, 93, 94, 84, 74, 76]
    [1, 22, 24, 14, 38, 28, 30, 36, 26, 47, 37]
down: [100, 87, 97, 81, 70, 65, 55, 53, 63, 62, 58, 50, 46, 45, 40, 35, 27, 23, 9, 19, 7, 5, 3, 13, 11, 21, 6, 4, 2, 12]
      [100, 95, 91, 86, 85, 83, 77, 75, 73, 72, 68, 78, 71, 64, 56, 54, 44, 43, 42, 52, 49, 59, 69, 79, 89, 99, 96]

# -------------------------------- #

Player's turn: 2

Lists to lay down cards (before):
up: [1, 18, 8, 10, 16, 20, 29, 31, 32, 34, 39, 41, 48, 51, 57, 60, 61, 66, 82, 90, 80, 93, 94, 84, 74, 76]
    [1, 22, 24, 14, 38, 28, 30, 36, 26, 47, 37]
down: [100, 87, 97, 81, 70, 65, 55, 53, 63, 62, 58, 50, 46, 45, 40, 35, 27, 23, 9, 19, 7, 5, 3, 13, 11, 21, 6, 4, 2, 12]
      [100, 95, 91, 86, 85, 83, 77, 75, 73, 72, 68, 78, 71, 64, 56, 54, 44, 43, 42, 52, 49, 59, 69, 79, 89, 99, 96]

Player's lists on hand:
Player 0: [33]
Player 1: [17, 15, 98]
Player 2: [88, 25, 92, 67]
Player 3: []

Playing card 92 to ('down', 1) ...

Lists to lay down cards (after):
up: [1, 18, 8, 10, 16, 20, 29, 31, 32, 34, 39, 41, 48, 51, 57, 60, 61, 66, 82, 90, 80, 93, 94, 84, 74, 76]
    [1, 22, 24, 14, 38, 28, 30, 36, 26, 47, 37]
down: [100, 87, 97, 81, 70, 65, 55, 53, 63, 62, 58, 50, 46, 45, 40, 35, 27, 23, 9, 19, 7, 5, 3, 13, 11, 21, 6, 4, 2, 12]
      [100, 95, 91, 86, 85, 83, 77, 75, 73, 72, 68, 78, 71, 64, 56, 54, 44, 43, 42, 52, 49, 59, 69, 79, 89, 99, 96, 92]

# ---------------------------------------------------------------- #

Round: 13

Backup card stack:
[]

# -------------------------------- #

Player's turn: 0

Lists to lay down cards (before):
up: [1, 18, 8, 10, 16, 20, 29, 31, 32, 34, 39, 41, 48, 51, 57, 60, 61, 66, 82, 90, 80, 93, 94, 84, 74, 76]
    [1, 22, 24, 14, 38, 28, 30, 36, 26, 47, 37]
down: [100, 87, 97, 81, 70, 65, 55, 53, 63, 62, 58, 50, 46, 45, 40, 35, 27, 23, 9, 19, 7, 5, 3, 13, 11, 21, 6, 4, 2, 12]
      [100, 95, 91, 86, 85, 83, 77, 75, 73, 72, 68, 78, 71, 64, 56, 54, 44, 43, 42, 52, 49, 59, 69, 79, 89, 99, 96, 92]

Player's lists on hand:
Player 0: [33]
Player 1: [17, 15, 98]
Player 2: [88, 25, 67]
Player 3: []

Playing card 33 to ('down', 1) ...

Lists to lay down cards (after):
up: [1, 18, 8, 10, 16, 20, 29, 31, 32, 34, 39, 41, 48, 51, 57, 60, 61, 66, 82, 90, 80, 93, 94, 84, 74, 76]
    [1, 22, 24, 14, 38, 28, 30, 36, 26, 47, 37]
down: [100, 87, 97, 81, 70, 65, 55, 53, 63, 62, 58, 50, 46, 45, 40, 35, 27, 23, 9, 19, 7, 5, 3, 13, 11, 21, 6, 4, 2, 12]
      [100, 95, 91, 86, 85, 83, 77, 75, 73, 72, 68, 78, 71, 64, 56, 54, 44, 43, 42, 52, 49, 59, 69, 79, 89, 99, 96, 92, 33]

# -------------------------------- #

Player's turn: 1

Lists to lay down cards (before):
up: [1, 18, 8, 10, 16, 20, 29, 31, 32, 34, 39, 41, 48, 51, 57, 60, 61, 66, 82, 90, 80, 93, 94, 84, 74, 76]
    [1, 22, 24, 14, 38, 28, 30, 36, 26, 47, 37]
down: [100, 87, 97, 81, 70, 65, 55, 53, 63, 62, 58, 50, 46, 45, 40, 35, 27, 23, 9, 19, 7, 5, 3, 13, 11, 21, 6, 4, 2, 12]
      [100, 95, 91, 86, 85, 83, 77, 75, 73, 72, 68, 78, 71, 64, 56, 54, 44, 43, 42, 52, 49, 59, 69, 79, 89, 99, 96, 92, 33]

Player's lists on hand:
Player 0: []
Player 1: [17, 15, 98]
Player 2: [88, 25, 67]
Player 3: []

Playing card 17 to ('down', 1) ...

Playing card 15 to ('down', 1) ...

Player 2 reserved ('down', 1) for 25

Lists to lay down cards (after):
up: [1, 18, 8, 10, 16, 20, 29, 31, 32, 34, 39, 41, 48, 51, 57, 60, 61, 66, 82, 90, 80, 93, 94, 84, 74, 76]
    [1, 22, 24, 14, 38, 28, 30, 36, 26, 47, 37]
down: [100, 87, 97, 81, 70, 65, 55, 53, 63, 62, 58, 50, 46, 45, 40, 35, 27, 23, 9, 19, 7, 5, 3, 13, 11, 21, 6, 4, 2, 12]
      [100, 95, 91, 86, 85, 83, 77, 75, 73, 72, 68, 78, 71, 64, 56, 54, 44, 43, 42, 52, 49, 59, 69, 79, 89, 99, 96, 92, 33, 17, 15]

# -------------------------------- #

Player's turn: 2

Lists to lay down cards (before):
up: [1, 18, 8, 10, 16, 20, 29, 31, 32, 34, 39, 41, 48, 51, 57, 60, 61, 66, 82, 90, 80, 93, 94, 84, 74, 76]
    [1, 22, 24, 14, 38, 28, 30, 36, 26, 47, 37]
down: [100, 87, 97, 81, 70, 65, 55, 53, 63, 62, 58, 50, 46, 45, 40, 35, 27, 23, 9, 19, 7, 5, 3, 13, 11, 21, 6, 4, 2, 12]
      [100, 95, 91, 86, 85, 83, 77, 75, 73, 72, 68, 78, 71, 64, 56, 54, 44, 43, 42, 52, 49, 59, 69, 79, 89, 99, 96, 92, 33, 17, 15]

Player's lists on hand:
Player 0: []
Player 1: [98]
Player 2: [88, 25, 67]
Player 3: []

Playing card 25 to ('down', 1) ...

Lists to lay down cards (after):
up: [1, 18, 8, 10, 16, 20, 29, 31, 32, 34, 39, 41, 48, 51, 57, 60, 61, 66, 82, 90, 80, 93, 94, 84, 74, 76]
    [1, 22, 24, 14, 38, 28, 30, 36, 26, 47, 37]
down: [100, 87, 97, 81, 70, 65, 55, 53, 63, 62, 58, 50, 46, 45, 40, 35, 27, 23, 9, 19, 7, 5, 3, 13, 11, 21, 6, 4, 2, 12]
      [100, 95, 91, 86, 85, 83, 77, 75, 73, 72, 68, 78, 71, 64, 56, 54, 44, 43, 42, 52, 49, 59, 69, 79, 89, 99, 96, 92, 33, 17, 15, 25]

# ---------------------------------------------------------------- #

Round: 14

Backup card stack:
[]

# -------------------------------- #

Player's turn: 1

Lists to lay down cards (before):
up: [1, 18, 8, 10, 16, 20, 29, 31, 32, 34, 39, 41, 48, 51, 57, 60, 61, 66, 82, 90, 80, 93, 94, 84, 74, 76]
    [1, 22, 24, 14, 38, 28, 30, 36, 26, 47, 37]
down: [100, 87, 97, 81, 70, 65, 55, 53, 63, 62, 58, 50, 46, 45, 40, 35, 27, 23, 9, 19, 7, 5, 3, 13, 11, 21, 6, 4, 2, 12]
      [100, 95, 91, 86, 85, 83, 77, 75, 73, 72, 68, 78, 71, 64, 56, 54, 44, 43, 42, 52, 49, 59, 69, 79, 89, 99, 96, 92, 33, 17, 15, 25]

Player's lists on hand:
Player 0: []
Player 1: [98]
Player 2: [88, 67]
Player 3: []

Playing card 98 to ('up', 0) ...

Player 2 reserved ('up', 0) for 88

Lists to lay down cards (after):
up: [1, 18, 8, 10, 16, 20, 29, 31, 32, 34, 39, 41, 48, 51, 57, 60, 61, 66, 82, 90, 80, 93, 94, 84, 74, 76, 98]
    [1, 22, 24, 14, 38, 28, 30, 36, 26, 47, 37]
down: [100, 87, 97, 81, 70, 65, 55, 53, 63, 62, 58, 50, 46, 45, 40, 35, 27, 23, 9, 19, 7, 5, 3, 13, 11, 21, 6, 4, 2, 12]
      [100, 95, 91, 86, 85, 83, 77, 75, 73, 72, 68, 78, 71, 64, 56, 54, 44, 43, 42, 52, 49, 59, 69, 79, 89, 99, 96, 92, 33, 17, 15, 25]

# -------------------------------- #

Player's turn: 2

Lists to lay down cards (before):
up: [1, 18, 8, 10, 16, 20, 29, 31, 32, 34, 39, 41, 48, 51, 57, 60, 61, 66, 82, 90, 80, 93, 94, 84, 74, 76, 98]
    [1, 22, 24, 14, 38, 28, 30, 36, 26, 47, 37]
down: [100, 87, 97, 81, 70, 65, 55, 53, 63, 62, 58, 50, 46, 45, 40, 35, 27, 23, 9, 19, 7, 5, 3, 13, 11, 21, 6, 4, 2, 12]
      [100, 95, 91, 86, 85, 83, 77, 75, 73, 72, 68, 78, 71, 64, 56, 54, 44, 43, 42, 52, 49, 59, 69, 79, 89, 99, 96, 92, 33, 17, 15, 25]

Player's lists on hand:
Player 0: []
Player 1: []
Player 2: [88, 67]
Player 3: []

Playing card 88 to ('up', 0) ...

Lists to lay down cards (after):
up: [1, 18, 8, 10, 16, 20, 29, 31, 32, 34, 39, 41, 48, 51, 57, 60, 61, 66, 82, 90, 80, 93, 94, 84, 74, 76, 98, 88]
    [1, 22, 24, 14, 38, 28, 30, 36, 26, 47, 37]
down: [100, 87, 97, 81, 70, 65, 55, 53, 63, 62, 58, 50, 46, 45, 40, 35, 27, 23, 9, 19, 7, 5, 3, 13, 11, 21, 6, 4, 2, 12]
      [100, 95, 91, 86, 85, 83, 77, 75, 73, 72, 68, 78, 71, 64, 56, 54, 44, 43, 42, 52, 49, 59, 69, 79, 89, 99, 96, 92, 33, 17, 15, 25]

# ---------------------------------------------------------------- #

Round: 15

Backup card stack:
[]

# -------------------------------- #

Player's turn: 2

Lists to lay down cards (before):
up: [1, 18, 8, 10, 16, 20, 29, 31, 32, 34, 39, 41, 48, 51, 57, 60, 61, 66, 82, 90, 80, 93, 94, 84, 74, 76, 98, 88]
    [1, 22, 24, 14, 38, 28, 30, 36, 26, 47, 37]
down: [100, 87, 97, 81, 70, 65, 55, 53, 63, 62, 58, 50, 46, 45, 40, 35, 27, 23, 9, 19, 7, 5, 3, 13, 11, 21, 6, 4, 2, 12]
      [100, 95, 91, 86, 85, 83, 77, 75, 73, 72, 68, 78, 71, 64, 56, 54, 44, 43, 42, 52, 49, 59, 69, 79, 89, 99, 96, 92, 33, 17, 15, 25]

Player's lists on hand:
Player 0: []
Player 1: []
Player 2: [67]
Player 3: []

Playing card 67 to ('up', 1) ...

Lists to lay down cards (after):
up: [1, 18, 8, 10, 16, 20, 29, 31, 32, 34, 39, 41, 48, 51, 57, 60, 61, 66, 82, 90, 80, 93, 94, 84, 74, 76, 98, 88]
    [1, 22, 24, 14, 38, 28, 30, 36, 26, 47, 37, 67]
down: [100, 87, 97, 81, 70, 65, 55, 53, 63, 62, 58, 50, 46, 45, 40, 35, 27, 23, 9, 19, 7, 5, 3, 13, 11, 21, 6, 4, 2, 12]
      [100, 95, 91, 86, 85, 83, 77, 75, 73, 72, 68, 78, 71, 64, 56, 54, 44, 43, 42, 52, 49, 59, 69, 79, 89, 99, 96, 92, 33, 17, 15, 25]

# ---------------------------------------------------------------- #

End of TheGame!
Laid down cards: 98 / 98 ~ 100.0%
